Using pre-set license
Built from '2020.3/staging' branch; Version is '2020.3.9f1 (108be757e447) revision 1084391'; Using compiler version '192528614'; Build Type 'Release'
OS: 'Windows 10 Home; OS build 19042.1052; Version 2009; 64bit' Language: 'zh' Physical Memory: 8034 MB
BatchMode: 1, IsHumanControllingUs: 0, StartBugReporterOnCrash: 0, Is64bit: 1, IsPro: 0

 COMMAND LINE ARGUMENTS:
D:\Unity\Unity\2020.3.9f1\Editor\Unity.exe
-adb2
-batchMode
-noUpm
-name
AssetImportWorker0
-projectPath
D:/GameDev/SelfProject/TheLegendOfHealer
-logFile
Logs/AssetImportWorker0.log
-srvPort
52143
Successfully changed project path to: D:/GameDev/SelfProject/TheLegendOfHealer
D:/GameDev/SelfProject/TheLegendOfHealer
Using Asset Import Pipeline V2.
Refreshing native plugins compatible for Editor in 42.08 ms, found 1 plugins.
Preloading 0 native plugins for Editor in 0.00 ms.
Initialize engine version: 2020.3.9f1 (108be757e447)
[Subsystems] Discovering subsystems at path D:/Unity/Unity/2020.3.9f1/Editor/Data/Resources/UnitySubsystems
[Subsystems] Discovering subsystems at path D:/GameDev/SelfProject/TheLegendOfHealer/Assets
GfxDevice: creating device client; threaded=0
Direct3D:
    Version:  Direct3D 11.0 [level 11.1]
    Renderer: NVIDIA GeForce GTX 1050 (ID=0x1c8d)
    Vendor:   
    VRAM:     4029 MB
    Driver:   23.21.13.8873
Initialize mono
Mono path[0] = 'D:/Unity/Unity/2020.3.9f1/Editor/Data/Managed'
Mono path[1] = 'D:/Unity/Unity/2020.3.9f1/Editor/Data/MonoBleedingEdge/lib/mono/unityjit'
Mono config path = 'D:/Unity/Unity/2020.3.9f1/Editor/Data/MonoBleedingEdge/etc'
Using monoOptions --debugger-agent=transport=dt_socket,embedding=1,server=y,suspend=n,address=127.0.0.1:56732
Begin MonoManager ReloadAssembly
Registering precompiled unity dll's ...
Register platform support module: D:/Unity/Unity/2020.3.9f1/Editor/Data/PlaybackEngines/WindowsStandaloneSupport/UnityEditor.WindowsStandalone.Extensions.dll
Registered in 0.001474 seconds.
Native extension for WindowsStandalone target not found
Refreshing native plugins compatible for Editor in 38.27 ms, found 1 plugins.
Preloading 0 native plugins for Editor in 0.00 ms.
Mono: successfully reloaded assembly
- Completed reload, in  1.502 seconds
Platform modules already initialized, skipping
Registering precompiled user dll's ...
Registered in 0.001455 seconds.
Begin MonoManager ReloadAssembly
Native extension for WindowsStandalone target not found
Refreshing native plugins compatible for Editor in 40.35 ms, found 1 plugins.
Preloading 0 native plugins for Editor in 0.00 ms.
Mono: successfully reloaded assembly
- Completed reload, in  0.942 seconds
Platform modules already initialized, skipping
========================================================================
Worker process is ready to serve import requests
Launched and connected shader compiler UnityShaderCompiler.exe after 0.05 seconds
Refreshing native plugins compatible for Editor in 0.40 ms, found 1 plugins.
Preloading 0 native plugins for Editor in 0.00 ms.
Unloading 1834 Unused Serialized files (Serialized files now loaded: 0)
System memory in use before: 85.6 MB.
System memory in use after: 85.7 MB.

Unloading 19 unused Assets to reduce memory usage. Loaded Objects now: 2281.
Total: 2.202100 ms (FindLiveObjects: 0.437200 ms CreateObjectMapping: 0.110700 ms MarkObjects: 1.585200 ms  DeleteObjects: 0.066400 ms)

========================================================================
Received Import Request.
  path: Assets/SPUM
  artifactKey: Guid(4261e402dc22d924887182dea64172b5) Importer(815301076,1909f56bfc062723c751e8b465ee728b)
Start importing Assets/SPUM using Guid(4261e402dc22d924887182dea64172b5) Importer(815301076,1909f56bfc062723c751e8b465ee728b)  -> (artifact id: '614831e1e0279879bd0b0b7e69c41e37') in 0.020144 seconds
  Import took 0.022943 seconds .

========================================================================
Received Import Request.
  Time since last request: 0.000928 seconds.
  path: Assets/Platform.asset
  artifactKey: Guid(5d155a145e693c44fb24dbe5ec7c59a7) Importer(815301076,1909f56bfc062723c751e8b465ee728b)
Start importing Assets/Platform.asset using Guid(5d155a145e693c44fb24dbe5ec7c59a7) Importer(815301076,1909f56bfc062723c751e8b465ee728b)  -> (artifact id: 'a07d06f28e4e13c387ada94a22c155a4') in 0.026370 seconds
  Import took 0.029677 seconds .

========================================================================
Received Import Request.
  Time since last request: 2.625706 seconds.
  path: Assets/SPUM/Scene
  artifactKey: Guid(d9a27687ecfd34026a5b9b5d2cdf6377) Importer(815301076,1909f56bfc062723c751e8b465ee728b)
Start importing Assets/SPUM/Scene using Guid(d9a27687ecfd34026a5b9b5d2cdf6377) Importer(815301076,1909f56bfc062723c751e8b465ee728b)  -> (artifact id: '4ab16b55b2c93f42b3c9ea6567f55e52') in 0.003316 seconds
  Import took 0.007638 seconds .

========================================================================
Received Import Request.
  Time since last request: 1.054001 seconds.
  path: Assets/SPUM/Scene/SPUM_Scene.unity
  artifactKey: Guid(ba9a45dba30244370b4169d16c9f76a8) Importer(815301076,1909f56bfc062723c751e8b465ee728b)
Start importing Assets/SPUM/Scene/SPUM_Scene.unity using Guid(ba9a45dba30244370b4169d16c9f76a8) Importer(815301076,1909f56bfc062723c751e8b465ee728b)  -> (artifact id: '568af0a4b6909daefe1d5414e560da14') in 0.012278 seconds
  Import took 0.015961 seconds .

========================================================================
Received Import Request.
  Time since last request: 0.001507 seconds.
  path: Assets/SPUM/Scene/SPUM_Scene.unity
  artifactKey: Guid(ba9a45dba30244370b4169d16c9f76a8) Importer(815301076,1909f56bfc062723c751e8b465ee728b)
Start importing Assets/SPUM/Scene/SPUM_Scene.unity using Guid(ba9a45dba30244370b4169d16c9f76a8) Importer(815301076,1909f56bfc062723c751e8b465ee728b)  -> (artifact id: '568af0a4b6909daefe1d5414e560da14') in 0.004259 seconds
  Import took 0.007991 seconds .

========================================================================
Received Prepare
Refreshing native plugins compatible for Editor in 1.89 ms, found 1 plugins.
Preloading 0 native plugins for Editor in 0.00 ms.
Unloading 6 Unused Serialized files (Serialized files now loaded: 0)
System memory in use before: 49.1 MB.
System memory in use after: 49.2 MB.

Unloading 5 unused Assets to reduce memory usage. Loaded Objects now: 2281.
Total: 2.298300 ms (FindLiveObjects: 0.164600 ms CreateObjectMapping: 0.055700 ms MarkObjects: 2.061800 ms  DeleteObjects: 0.015500 ms)

========================================================================
Received Prepare
Registering precompiled user dll's ...
Registered in 0.001116 seconds.
Begin MonoManager ReloadAssembly
Native extension for WindowsStandalone target not found
Refreshing native plugins compatible for Editor in 0.49 ms, found 1 plugins.
Preloading 0 native plugins for Editor in 0.00 ms.
Mono: successfully reloaded assembly
- Completed reload, in  0.891 seconds
Platform modules already initialized, skipping
Refreshing native plugins compatible for Editor in 0.39 ms, found 1 plugins.
Preloading 0 native plugins for Editor in 0.00 ms.
Unloading 1845 Unused Serialized files (Serialized files now loaded: 0)
System memory in use before: 85.9 MB.
System memory in use after: 86.0 MB.

Unloading 8 unused Assets to reduce memory usage. Loaded Objects now: 2304.
Total: 2.507700 ms (FindLiveObjects: 0.298000 ms CreateObjectMapping: 0.084100 ms MarkObjects: 2.084500 ms  DeleteObjects: 0.040300 ms)

========================================================================
Received Import Request.
  Time since last request: 208.048506 seconds.
  path: Assets/Platform.asset
  artifactKey: Guid(5d155a145e693c44fb24dbe5ec7c59a7) Importer(815301076,1909f56bfc062723c751e8b465ee728b)
Start importing Assets/Platform.asset using Guid(5d155a145e693c44fb24dbe5ec7c59a7) Importer(815301076,1909f56bfc062723c751e8b465ee728b)  -> (artifact id: '20798e1226a815d6d072dde4fe9ea8e7') in 0.204639 seconds
  Import took 0.208210 seconds .

========================================================================
Received Import Request.
  Time since last request: 2.544450 seconds.
  path: Assets/Asset/TrapmoorDungeonTileset_v03/TrapmoorTileset_v03.png
  artifactKey: Guid(6fbc33e2de0f6104a9c7f9341090bbcc) Importer(815301076,1909f56bfc062723c751e8b465ee728b)
Start importing Assets/Asset/TrapmoorDungeonTileset_v03/TrapmoorTileset_v03.png using Guid(6fbc33e2de0f6104a9c7f9341090bbcc) Importer(815301076,1909f56bfc062723c751e8b465ee728b)  -> (artifact id: '00441643bb2a73c3743ab59c0f66215a') in 0.430312 seconds
  Import took 0.433523 seconds .

========================================================================
Received Import Request.
  Time since last request: 0.001718 seconds.
  path: Assets/Asset/TrapmoorDungeonTileset_v03/TrapmoorTileset_v03.png
  artifactKey: Guid(6fbc33e2de0f6104a9c7f9341090bbcc) Importer(815301076,1909f56bfc062723c751e8b465ee728b)
Start importing Assets/Asset/TrapmoorDungeonTileset_v03/TrapmoorTileset_v03.png using Guid(6fbc33e2de0f6104a9c7f9341090bbcc) Importer(815301076,1909f56bfc062723c751e8b465ee728b)  -> (artifact id: '00441643bb2a73c3743ab59c0f66215a') in 0.138931 seconds
  Import took 0.142178 seconds .

========================================================================
Received Import Request.
  Time since last request: 109.386165 seconds.
  path: Assets/Asset
  artifactKey: Guid(0cf174942bc4a3248a77c0302262c16e) Importer(815301076,1909f56bfc062723c751e8b465ee728b)
Start importing Assets/Asset using Guid(0cf174942bc4a3248a77c0302262c16e) Importer(815301076,1909f56bfc062723c751e8b465ee728b)  -> (artifact id: 'f183ea94fc55df66aa464fb233c9333b') in 0.003268 seconds
  Import took 0.006555 seconds .

========================================================================
Received Import Request.
  Time since last request: 84.042019 seconds.
  path: Assets/Palette
  artifactKey: Guid(45097c68627898b48a985b458c6acfe9) Importer(815301076,1909f56bfc062723c751e8b465ee728b)
Start importing Assets/Palette using Guid(45097c68627898b48a985b458c6acfe9) Importer(815301076,1909f56bfc062723c751e8b465ee728b)  -> (artifact id: '0c00b27b0a322be9308ee223dde4e542') in 0.003426 seconds
  Import took 0.007134 seconds .

========================================================================
Received Import Request.
  Time since last request: 0.072856 seconds.
  path: Assets/Palette/tile_palette.prefab
  artifactKey: Guid(aeef3136d0d9f064d9c342a4d0ea07bb) Importer(815301076,1909f56bfc062723c751e8b465ee728b)
Start importing Assets/Palette/tile_palette.prefab using Guid(aeef3136d0d9f064d9c342a4d0ea07bb) Importer(815301076,1909f56bfc062723c751e8b465ee728b)  -> (artifact id: 'ffe670890d80554744bbbd0aa9dbdd79') in 0.011361 seconds
  Import took 0.014268 seconds .

========================================================================
Received Import Request.
  Time since last request: 5.066813 seconds.
  path: Assets/Resources
  artifactKey: Guid(77ad34c6096e7904f8c14c69eeecc897) Importer(815301076,1909f56bfc062723c751e8b465ee728b)
Start importing Assets/Resources using Guid(77ad34c6096e7904f8c14c69eeecc897) Importer(815301076,1909f56bfc062723c751e8b465ee728b)  -> (artifact id: '129601293530d6634fb1897e15f4ad89') in 0.003512 seconds
  Import took 0.007574 seconds .

========================================================================
Received Import Request.
  Time since last request: 3.313803 seconds.
  path: Assets/Scenes
  artifactKey: Guid(2dffe1f971abf0f4f90ce44cde5f9fe1) Importer(815301076,1909f56bfc062723c751e8b465ee728b)
Start importing Assets/Scenes using Guid(2dffe1f971abf0f4f90ce44cde5f9fe1) Importer(815301076,1909f56bfc062723c751e8b465ee728b)  -> (artifact id: 'c1d7b49d93924b2bec6e80c8768934dc') in 0.003498 seconds
  Import took 0.008264 seconds .

========================================================================
Received Import Request.
  Time since last request: 1.273632 seconds.
  path: Assets/Scenes/Prototype
  artifactKey: Guid(77949dd4529dae740bbd3f70a925c5d9) Importer(815301076,1909f56bfc062723c751e8b465ee728b)
Start importing Assets/Scenes/Prototype using Guid(77949dd4529dae740bbd3f70a925c5d9) Importer(815301076,1909f56bfc062723c751e8b465ee728b)  -> (artifact id: '1d565825c6792b80eae209cabf667954') in 0.003285 seconds
  Import took 0.006847 seconds .

========================================================================
Received Import Request.
  Time since last request: 0.840540 seconds.
  path: Assets/Scenes/Prototype/Prototype.unity
  artifactKey: Guid(d71564548cc69eb49a4d7ce17ab352d3) Importer(815301076,1909f56bfc062723c751e8b465ee728b)
Start importing Assets/Scenes/Prototype/Prototype.unity using Guid(d71564548cc69eb49a4d7ce17ab352d3) Importer(815301076,1909f56bfc062723c751e8b465ee728b)  -> (artifact id: 'bbd85596d88fffc98b5c9cd5d6a71317') in 0.003644 seconds
  Import took 0.006836 seconds .

========================================================================
Received Prepare
Registering precompiled user dll's ...
Registered in 0.001383 seconds.
Begin MonoManager ReloadAssembly
Native extension for WindowsStandalone target not found
Refreshing native plugins compatible for Editor in 1.23 ms, found 1 plugins.
Preloading 0 native plugins for Editor in 0.00 ms.
Mono: successfully reloaded assembly
- Completed reload, in  2.589 seconds
Platform modules already initialized, skipping
Refreshing native plugins compatible for Editor in 0.56 ms, found 1 plugins.
Preloading 0 native plugins for Editor in 0.00 ms.
Unloading 1845 Unused Serialized files (Serialized files now loaded: 0)
System memory in use before: 89.3 MB.
System memory in use after: 89.4 MB.

Unloading 8 unused Assets to reduce memory usage. Loaded Objects now: 2316.
Total: 3.182700 ms (FindLiveObjects: 0.266300 ms CreateObjectMapping: 0.089100 ms MarkObjects: 2.768600 ms  DeleteObjects: 0.057400 ms)

AssetImportWorkerClient::OnTransportError - code=2 error=End of file
