Using pre-set license
Built from '2020.3/staging' branch; Version is '2020.3.9f1 (108be757e447) revision 1084391'; Using compiler version '192528614'; Build Type 'Release'
OS: 'Windows 10 Home; OS build 19042.1052; Version 2009; 64bit' Language: 'zh' Physical Memory: 8034 MB
BatchMode: 1, IsHumanControllingUs: 0, StartBugReporterOnCrash: 0, Is64bit: 1, IsPro: 0

 COMMAND LINE ARGUMENTS:
D:\Unity\Unity\2020.3.9f1\Editor\Unity.exe
-adb2
-batchMode
-noUpm
-name
AssetImportWorker0
-projectPath
D:/GameDev/SelfProject/TheLegendOfHealer
-logFile
Logs/AssetImportWorker0.log
-srvPort
57050
Successfully changed project path to: D:/GameDev/SelfProject/TheLegendOfHealer
D:/GameDev/SelfProject/TheLegendOfHealer
Using Asset Import Pipeline V2.
Refreshing native plugins compatible for Editor in 65.14 ms, found 1 plugins.
Preloading 0 native plugins for Editor in 0.00 ms.
Initialize engine version: 2020.3.9f1 (108be757e447)
[Subsystems] Discovering subsystems at path D:/Unity/Unity/2020.3.9f1/Editor/Data/Resources/UnitySubsystems
[Subsystems] Discovering subsystems at path D:/GameDev/SelfProject/TheLegendOfHealer/Assets
GfxDevice: creating device client; threaded=0
Direct3D:
    Version:  Direct3D 11.0 [level 11.1]
    Renderer: NVIDIA GeForce GTX 1050 (ID=0x1c8d)
    Vendor:   
    VRAM:     4029 MB
    Driver:   23.21.13.8873
Initialize mono
Mono path[0] = 'D:/Unity/Unity/2020.3.9f1/Editor/Data/Managed'
Mono path[1] = 'D:/Unity/Unity/2020.3.9f1/Editor/Data/MonoBleedingEdge/lib/mono/unityjit'
Mono config path = 'D:/Unity/Unity/2020.3.9f1/Editor/Data/MonoBleedingEdge/etc'
Using monoOptions --debugger-agent=transport=dt_socket,embedding=1,server=y,suspend=n,address=127.0.0.1:56608
Begin MonoManager ReloadAssembly
Registering precompiled unity dll's ...
Register platform support module: D:/Unity/Unity/2020.3.9f1/Editor/Data/PlaybackEngines/WindowsStandaloneSupport/UnityEditor.WindowsStandalone.Extensions.dll
Registered in 0.002241 seconds.
Native extension for WindowsStandalone target not found
Refreshing native plugins compatible for Editor in 68.62 ms, found 1 plugins.
Preloading 0 native plugins for Editor in 0.00 ms.
Mono: successfully reloaded assembly
- Completed reload, in  2.438 seconds
Platform modules already initialized, skipping
Registering precompiled user dll's ...
Registered in 0.001873 seconds.
Begin MonoManager ReloadAssembly
Native extension for WindowsStandalone target not found
Refreshing native plugins compatible for Editor in 70.38 ms, found 1 plugins.
Preloading 0 native plugins for Editor in 0.00 ms.
Mono: successfully reloaded assembly
- Completed reload, in  1.679 seconds
Platform modules already initialized, skipping
========================================================================
Worker process is ready to serve import requests
Launched and connected shader compiler UnityShaderCompiler.exe after 0.15 seconds
Refreshing native plugins compatible for Editor in 0.63 ms, found 1 plugins.
Preloading 0 native plugins for Editor in 0.00 ms.
Unloading 1854 Unused Serialized files (Serialized files now loaded: 0)
System memory in use before: 86.5 MB.
System memory in use after: 86.5 MB.

Unloading 19 unused Assets to reduce memory usage. Loaded Objects now: 2303.
Total: 3.821400 ms (FindLiveObjects: 0.293100 ms CreateObjectMapping: 0.128200 ms MarkObjects: 3.276200 ms  DeleteObjects: 0.120300 ms)

========================================================================
Received Import Request.
  path: Assets/Asset/TrapmoorDungeonTileset_v03
  artifactKey: Guid(9e89d8eafe03cc04ca4f464d8f9a9df8) Importer(815301076,1909f56bfc062723c751e8b465ee728b)
Start importing Assets/Asset/TrapmoorDungeonTileset_v03 using Guid(9e89d8eafe03cc04ca4f464d8f9a9df8) Importer(815301076,1909f56bfc062723c751e8b465ee728b)  -> (artifact id: 'edf80ade4c5733245703a065e136ba76') in 0.128935 seconds
  Import took 0.240686 seconds .

